00:18:41 **** Incremental Build of configuration Debug for project stepper ****
make -j12 all 
arm-none-eabi-gcc -o "stepper.elf" @"objects.list"   -mcpu=cortex-m0plus -T"C:\Users\choua\OneDrive - ??ãÁ?ãÂè∞?Å£Â§ßÂ≠∏\MakeCutter\MakeCutter_ST\STM32-NUCLEO-C0\stepper\STM32C031C6TX_FLASH.ld" --specs=nosys.specs -Wl,-Map="stepper.map" -Wl,--gc-sections -static --specs=nano.specs -mfloat-abi=soft -mthumb -Wl,--start-group -lc -lm -Wl,--end-group
C:/ST/STM32CubeIDE_1.14.1/STM32CubeIDE/plugins/com.st.stm32cube.ide.mcu.externaltools.gnu-tools-for-stm32.11.3.rel1.win32_1.1.100.202309141235/tools/bin/../lib/gcc/arm-none-eabi/11.3.1/../../../../arm-none-eabi/bin/ld.exe: cannot open linker script file C:\Users\choua\OneDrive - ????????ÅÓªπ?Ü≠?âπÈ£õ\MakeCutter\MakeCutter_ST\STM32-NUCLEO-C0\stepper\STM32C031C6TX_FLASH.ld: No such file or directory
collect2.exe: error: ld returned 1 exit status
make: *** [makefile:64: stepper.elf] Error 1
"make -j12 all" terminated with exit code 2. Build might be incomplete.

00:18:42 Build Failed. 2 errors, 0 warnings. (took 708ms)

